Command: ninja all
[1/13] Performing build step for 'bootloader'
[1/1] C:\WINDOWS\system32\cmd.exe /C "cd /D C:\Users\marti\Documents\esp-projects\tradfri_controller\build\bootloader\esp-idf\esptool_py && C:\Espressif\python_env\idf5.5_py3.11_env\Scripts\python.exe C:/Espressif/frameworks/esp-idf-v5.5/components/partition_table/check_sizes.py --offset 0x8000 bootloader 0x1000 C:/Users/marti/Documents/esp-projects/tradfri_controller/build/bootloader/bootloader.bin"
Bootloader binary size 0x6680 bytes. 0x980 bytes (8%) free.
[2/13] No install step for 'bootloader'
[3/13] Completed 'bootloader'
[4/13] Building C object esp-idf/fried_tradfri_client/CMakeFiles/__idf_fried_tradfri_client.dir/src/fried_tradfri_client.c.obj
[5/13] Building C object esp-idf/fried_coaps_client/CMakeFiles/__idf_fried_coaps_client.dir/src/fried_coaps_client.c.obj
[6/13] Linking C static library esp-idf\fried_coaps_client\libfried_coaps_client.a
[7/13] Linking C static library esp-idf\fried_tradfri_client\libfried_tradfri_client.a
[8/13] Building C object esp-idf/main/CMakeFiles/__idf_main.dir/tradfri_controller.c.obj
[9/13] Linking C static library esp-idf\main\libmain.a
[10/13] Generating esp-idf/esp_system/ld/sections.ld
[11/13] Linking CXX executable tradfri_controller.elf
FAILED: tradfri_controller.elf 
C:\WINDOWS\system32\cmd.exe /C "cd . && C:\Espressif\tools\xtensa-esp-elf\esp-14.2.0_20241119\xtensa-esp-elf\bin\xtensa-esp32-elf-g++.exe -mlongcalls -Wno-frame-address  -fno-builtin-memcpy -fno-builtin-memset -fno-builtin-bzero -fno-builtin-stpcpy -fno-builtin-strncpy -nostartfiles    -Wl,--cref -Wl,--defsym=IDF_TARGET_ESP32=0 -Wl,--Map=C:/Users/marti/Documents/esp-projects/tradfri_controller/build/tradfri_controller.map -Wl,--no-warn-rwx-segments -Wl,--orphan-handling=warn -fno-rtti -fno-lto -Wl,--gc-sections -Wl,--warn-common -T esp32.peripherals.ld -T esp32.rom.ld -T esp32.rom.api.ld -T esp32.rom.libgcc.ld -T esp32.rom.newlib-data.ld -T esp32.rom.syscalls.ld -T esp32.rom.libc-funcs.ld -T esp32.rom.newlib-reent-funcs.ld -T memory.ld -T sections.ld @CMakeFiles\tradfri_controller.elf.rsp -o tradfri_controller.elf && cd ."
C:/Espressif/tools/xtensa-esp-elf/esp-14.2.0_20241119/xtensa-esp-elf/bin/../lib/gcc/xtensa-esp-elf/14.2.0/../../../../xtensa-esp-elf/bin/ld.exe: esp-idf/fried_tradfri_client/libfried_tradfri_client.a(fried_tradfri_client.c.obj):C:/Users/marti/Documents/esp-projects/.libraries/fried_coaps_client/include/fried_coaps_client.h:42: multiple definition of `TAG'; esp-idf/main/libmain.a(tradfri_controller.c.obj):C:/Users/marti/Documents/esp-projects/.libraries/fried_coaps_client/include/fried_coaps_client.h:42: first defined here
C:/Espressif/tools/xtensa-esp-elf/esp-14.2.0_20241119/xtensa-esp-elf/bin/../lib/gcc/xtensa-esp-elf/14.2.0/../../../../xtensa-esp-elf/bin/ld.exe: esp-idf/fried_coaps_client/libfried_coaps_client.a(fried_coaps_client.c.obj):C:/Users/marti/Documents/esp-projects/.libraries/fried_coaps_client/include/fried_coaps_client.h:42: multiple definition of `TAG'; esp-idf/main/libmain.a(tradfri_controller.c.obj):C:/Users/marti/Documents/esp-projects/.libraries/fried_coaps_client/include/fried_coaps_client.h:42: first defined here
collect2.exe: error: ld returned 1 exit status
ninja: build stopped: subcommand failed.
